=== RescueSched Main: W3 rho/seed sweep ===
[1/60] L0_RandomCore rho=0.7 seed=11 P99=8e+02 P999=1e+03 SLO=0.3908 rescue_moves=0 BMR=0
[2/60] L1_WorkStealingPolling rho=0.7 seed=11 P99=2e+02 P999=3e+02 SLO=0.0106 rescue_moves=0 BMR=0
[3/60] M0_AltoThreshold rho=0.7 seed=11 P99=2e+02 P999=4e+02 SLO=0.0256 rescue_moves=0 BMR=0
[4/60] M1_RescueSched rho=0.7 seed=11 P99=2e+02 P999=4e+02 SLO=0.0212 rescue_moves=1282 BMR=0.99376
[5/60] L0_RandomCore rho=0.7 seed=23 P99=7e+02 P999=8e+02 SLO=0.4144 rescue_moves=0 BMR=0
[6/60] L1_WorkStealingPolling rho=0.7 seed=23 P99=2e+02 P999=4e+02 SLO=0.0076 rescue_moves=0 BMR=0
[7/60] M0_AltoThreshold rho=0.7 seed=23 P99=2e+02 P999=4e+02 SLO=0.0282 rescue_moves=0 BMR=0
[8/60] M1_RescueSched rho=0.7 seed=23 P99=2e+02 P999=4e+02 SLO=0.0252 rescue_moves=1350 BMR=0.99037
[9/60] L0_RandomCore rho=0.7 seed=37 P99=8e+02 P999=1e+03 SLO=0.3914 rescue_moves=0 BMR=0
[10/60] L1_WorkStealingPolling rho=0.7 seed=37 P99=2e+02 P999=4e+02 SLO=0.0114 rescue_moves=0 BMR=0
[11/60] M0_AltoThreshold rho=0.7 seed=37 P99=2e+02 P999=4e+02 SLO=0.0242 rescue_moves=0 BMR=0
[12/60] M1_RescueSched rho=0.7 seed=37 P99=2e+02 P999=4e+02 SLO=0.0192 rescue_moves=1312 BMR=0.995427
[13/60] L0_RandomCore rho=0.7 seed=47 P99=4e+02 P999=8e+02 SLO=0.3452 rescue_moves=0 BMR=0
[14/60] L1_WorkStealingPolling rho=0.7 seed=47 P99=2e+02 P999=3e+02 SLO=0.0044 rescue_moves=0 BMR=0
[15/60] M0_AltoThreshold rho=0.7 seed=47 P99=2e+02 P999=3e+02 SLO=0.0204 rescue_moves=0 BMR=0
[16/60] M1_RescueSched rho=0.7 seed=47 P99=2e+02 P999=3e+02 SLO=0.02 rescue_moves=1194 BMR=0.992462
[17/60] L0_RandomCore rho=0.7 seed=59 P99=3e+02 P999=4e+02 SLO=0.3408 rescue_moves=0 BMR=0
[18/60] L1_WorkStealingPolling rho=0.7 seed=59 P99=1e+02 P999=3e+02 SLO=0.0062 rescue_moves=0 BMR=0
[19/60] M0_AltoThreshold rho=0.7 seed=59 P99=2e+02 P999=3e+02 SLO=0.0206 rescue_moves=0 BMR=0
[20/60] M1_RescueSched rho=0.7 seed=59 P99=2e+02 P999=3e+02 SLO=0.0166 rescue_moves=1234 BMR=0.995948
[21/60] L0_RandomCore rho=0.85 seed=11 P99=1e+03 P999=1e+03 SLO=0.6006 rescue_moves=0 BMR=0
[22/60] L1_WorkStealingPolling rho=0.85 seed=11 P99=2e+02 P999=3e+02 SLO=0.0402 rescue_moves=0 BMR=0
[23/60] M0_AltoThreshold rho=0.85 seed=11 P99=2e+02 P999=4e+02 SLO=0.044 rescue_moves=0 BMR=0
[24/60] M1_RescueSched rho=0.85 seed=11 P99=2e+02 P999=4e+02 SLO=0.0392 rescue_moves=1703 BMR=0.980035
[25/60] L0_RandomCore rho=0.85 seed=23 P99=9e+02 P999=1e+03 SLO=0.638 rescue_moves=0 BMR=0
[26/60] L1_WorkStealingPolling rho=0.85 seed=23 P99=2e+02 P999=4e+02 SLO=0.068 rescue_moves=0 BMR=0
[27/60] M0_AltoThreshold rho=0.85 seed=23 P99=2e+02 P999=4e+02 SLO=0.0676 rescue_moves=0 BMR=0
[28/60] M1_RescueSched rho=0.85 seed=23 P99=2e+02 P999=4e+02 SLO=0.058 rescue_moves=1863 BMR=0.961353
[29/60] L0_RandomCore rho=0.85 seed=37 P99=1e+03 P999=1e+03 SLO=0.5952 rescue_moves=0 BMR=0
[30/60] L1_WorkStealingPolling rho=0.85 seed=37 P99=2e+02 P999=4e+02 SLO=0.0616 rescue_moves=0 BMR=0
[31/60] M0_AltoThreshold rho=0.85 seed=37 P99=2e+02 P999=4e+02 SLO=0.0644 rescue_moves=0 BMR=0
[32/60] M1_RescueSched rho=0.85 seed=37 P99=2e+02 P999=4e+02 SLO=0.0524 rescue_moves=1697 BMR=0.972893
[33/60] L0_RandomCore rho=0.85 seed=47 P99=6e+02 P999=9e+02 SLO=0.5574 rescue_moves=0 BMR=0
[34/60] L1_WorkStealingPolling rho=0.85 seed=47 P99=2e+02 P999=3e+02 SLO=0.0268 rescue_moves=0 BMR=0
[35/60] M0_AltoThreshold rho=0.85 seed=47 P99=2e+02 P999=3e+02 SLO=0.0268 rescue_moves=0 BMR=0
[36/60] M1_RescueSched rho=0.85 seed=47 P99=2e+02 P999=3e+02 SLO=0.0272 rescue_moves=1631 BMR=0.981606
[37/60] L0_RandomCore rho=0.85 seed=59 P99=5e+02 P999=6e+02 SLO=0.533 rescue_moves=0 BMR=0
[38/60] L1_WorkStealingPolling rho=0.85 seed=59 P99=1e+02 P999=3e+02 SLO=0.0404 rescue_moves=0 BMR=0
[39/60] M0_AltoThreshold rho=0.85 seed=59 P99=2e+02 P999=3e+02 SLO=0.027 rescue_moves=0 BMR=0
[40/60] M1_RescueSched rho=0.85 seed=59 P99=2e+02 P999=3e+02 SLO=0.027 rescue_moves=1627 BMR=0.987707
[41/60] L0_RandomCore rho=0.9 seed=11 P99=2e+03 P999=2e+03 SLO=0.67 rescue_moves=0 BMR=0
[42/60] L1_WorkStealingPolling rho=0.9 seed=11 P99=2e+02 P999=3e+02 SLO=0.096 rescue_moves=0 BMR=0
[43/60] M0_AltoThreshold rho=0.9 seed=11 P99=2e+02 P999=4e+02 SLO=0.083 rescue_moves=0 BMR=0
[44/60] M1_RescueSched rho=0.9 seed=11 P99=2e+02 P999=4e+02 SLO=0.0758 rescue_moves=1855 BMR=0.954178
[45/60] L0_RandomCore rho=0.9 seed=23 P99=1e+03 P999=1e+03 SLO=0.7224 rescue_moves=0 BMR=0
[46/60] L1_WorkStealingPolling rho=0.9 seed=23 P99=2e+02 P999=4e+02 SLO=0.1978 rescue_moves=0 BMR=0
[47/60] M0_AltoThreshold rho=0.9 seed=23 P99=2e+02 P999=4e+02 SLO=0.1996 rescue_moves=0 BMR=0
[48/60] M1_RescueSched rho=0.9 seed=23 P99=2e+02 P999=4e+02 SLO=0.1788 rescue_moves=1796 BMR=0.937082
[49/60] L0_RandomCore rho=0.9 seed=37 P99=1e+03 P999=1e+03 SLO=0.6764 rescue_moves=0 BMR=0
[50/60] L1_WorkStealingPolling rho=0.9 seed=37 P99=2e+02 P999=4e+02 SLO=0.1308 rescue_moves=0 BMR=0
[51/60] M0_AltoThreshold rho=0.9 seed=37 P99=2e+02 P999=4e+02 SLO=0.1534 rescue_moves=0 BMR=0
[52/60] M1_RescueSched rho=0.9 seed=37 P99=2e+02 P999=4e+02 SLO=0.1206 rescue_moves=1717 BMR=0.960396
[53/60] L0_RandomCore rho=0.9 seed=47 P99=7e+02 P999=9e+02 SLO=0.6444 rescue_moves=0 BMR=0
[54/60] L1_WorkStealingPolling rho=0.9 seed=47 P99=2e+02 P999=3e+02 SLO=0.0582 rescue_moves=0 BMR=0
[55/60] M0_AltoThreshold rho=0.9 seed=47 P99=2e+02 P999=3e+02 SLO=0.0526 rescue_moves=0 BMR=0
[56/60] M1_RescueSched rho=0.9 seed=47 P99=2e+02 P999=4e+02 SLO=0.0468 rescue_moves=1769 BMR=0.975692
[57/60] L0_RandomCore rho=0.9 seed=59 P99=7e+02 P999=9e+02 SLO=0.619 rescue_moves=0 BMR=0
[58/60] L1_WorkStealingPolling rho=0.9 seed=59 P99=1e+02 P999=3e+02 SLO=0.0676 rescue_moves=0 BMR=0
[59/60] M0_AltoThreshold rho=0.9 seed=59 P99=2e+02 P999=4e+02 SLO=0.0508 rescue_moves=0 BMR=0
[60/60] M1_RescueSched rho=0.9 seed=59 P99=2e+02 P999=3e+02 SLO=0.0506 rescue_moves=1780 BMR=0.96573

RescueSched main done -> artifacts/step-22-local-simulation-diagnostics/pilot-20260715/raw/budget-4__w3.csv
