=== RescueSched Main: W3 rho/seed sweep ===
[1/60] L0_RandomCore rho=0.7 seed=11 P99=8e+02 P999=1e+03 SLO=0.3908 rescue_moves=0 BMR=0
[2/60] L1_WorkStealingPolling rho=0.7 seed=11 P99=2e+02 P999=3e+02 SLO=0.0106 rescue_moves=0 BMR=0
[3/60] M0_AltoThreshold rho=0.7 seed=11 P99=2e+02 P999=4e+02 SLO=0.0482 rescue_moves=0 BMR=0
[4/60] M1_RescueSched rho=0.7 seed=11 P99=2e+02 P999=4e+02 SLO=0.0372 rescue_moves=1208 BMR=0.991722
[5/60] L0_RandomCore rho=0.7 seed=23 P99=7e+02 P999=8e+02 SLO=0.4144 rescue_moves=0 BMR=0
[6/60] L1_WorkStealingPolling rho=0.7 seed=23 P99=2e+02 P999=4e+02 SLO=0.0076 rescue_moves=0 BMR=0
[7/60] M0_AltoThreshold rho=0.7 seed=23 P99=2e+02 P999=4e+02 SLO=0.0546 rescue_moves=0 BMR=0
[8/60] M1_RescueSched rho=0.7 seed=23 P99=2e+02 P999=4e+02 SLO=0.0462 rescue_moves=1263 BMR=0.984956
[9/60] L0_RandomCore rho=0.7 seed=37 P99=8e+02 P999=1e+03 SLO=0.3914 rescue_moves=0 BMR=0
[10/60] L1_WorkStealingPolling rho=0.7 seed=37 P99=2e+02 P999=4e+02 SLO=0.0114 rescue_moves=0 BMR=0
[11/60] M0_AltoThreshold rho=0.7 seed=37 P99=2e+02 P999=4e+02 SLO=0.0472 rescue_moves=0 BMR=0
[12/60] M1_RescueSched rho=0.7 seed=37 P99=2e+02 P999=4e+02 SLO=0.037 rescue_moves=1228 BMR=0.987785
[13/60] L0_RandomCore rho=0.7 seed=47 P99=4e+02 P999=8e+02 SLO=0.3452 rescue_moves=0 BMR=0
[14/60] L1_WorkStealingPolling rho=0.7 seed=47 P99=2e+02 P999=3e+02 SLO=0.0044 rescue_moves=0 BMR=0
[15/60] M0_AltoThreshold rho=0.7 seed=47 P99=2e+02 P999=3e+02 SLO=0.0348 rescue_moves=0 BMR=0
[16/60] M1_RescueSched rho=0.7 seed=47 P99=2e+02 P999=3e+02 SLO=0.0278 rescue_moves=1141 BMR=0.992112
[17/60] L0_RandomCore rho=0.7 seed=59 P99=3e+02 P999=4e+02 SLO=0.3408 rescue_moves=0 BMR=0
[18/60] L1_WorkStealingPolling rho=0.7 seed=59 P99=1e+02 P999=3e+02 SLO=0.0062 rescue_moves=0 BMR=0
[19/60] M0_AltoThreshold rho=0.7 seed=59 P99=2e+02 P999=3e+02 SLO=0.0362 rescue_moves=0 BMR=0
[20/60] M1_RescueSched rho=0.7 seed=59 P99=2e+02 P999=3e+02 SLO=0.0296 rescue_moves=1178 BMR=0.988115
[21/60] L0_RandomCore rho=0.85 seed=11 P99=1e+03 P999=1e+03 SLO=0.6006 rescue_moves=0 BMR=0
[22/60] L1_WorkStealingPolling rho=0.85 seed=11 P99=2e+02 P999=3e+02 SLO=0.0402 rescue_moves=0 BMR=0
[23/60] M0_AltoThreshold rho=0.85 seed=11 P99=2e+02 P999=4e+02 SLO=0.1088 rescue_moves=0 BMR=0
[24/60] M1_RescueSched rho=0.85 seed=11 P99=2e+02 P999=4e+02 SLO=0.094 rescue_moves=1479 BMR=0.983097
[25/60] L0_RandomCore rho=0.85 seed=23 P99=9e+02 P999=1e+03 SLO=0.638 rescue_moves=0 BMR=0
[26/60] L1_WorkStealingPolling rho=0.85 seed=23 P99=2e+02 P999=4e+02 SLO=0.068 rescue_moves=0 BMR=0
[27/60] M0_AltoThreshold rho=0.85 seed=23 P99=2e+02 P999=4e+02 SLO=0.1458 rescue_moves=0 BMR=0
[28/60] M1_RescueSched rho=0.85 seed=23 P99=2e+02 P999=4e+02 SLO=0.1482 rescue_moves=1475 BMR=0.976949
[29/60] L0_RandomCore rho=0.85 seed=37 P99=1e+03 P999=1e+03 SLO=0.5952 rescue_moves=0 BMR=0
[30/60] L1_WorkStealingPolling rho=0.85 seed=37 P99=2e+02 P999=4e+02 SLO=0.0616 rescue_moves=0 BMR=0
[31/60] M0_AltoThreshold rho=0.85 seed=37 P99=2e+02 P999=4e+02 SLO=0.1228 rescue_moves=0 BMR=0
[32/60] M1_RescueSched rho=0.85 seed=37 P99=2e+02 P999=4e+02 SLO=0.1114 rescue_moves=1432 BMR=0.981844
[33/60] L0_RandomCore rho=0.85 seed=47 P99=6e+02 P999=9e+02 SLO=0.5574 rescue_moves=0 BMR=0
[34/60] L1_WorkStealingPolling rho=0.85 seed=47 P99=2e+02 P999=3e+02 SLO=0.0268 rescue_moves=0 BMR=0
[35/60] M0_AltoThreshold rho=0.85 seed=47 P99=2e+02 P999=3e+02 SLO=0.0836 rescue_moves=0 BMR=0
[36/60] M1_RescueSched rho=0.85 seed=47 P99=2e+02 P999=3e+02 SLO=0.0708 rescue_moves=1406 BMR=0.983642
[37/60] L0_RandomCore rho=0.85 seed=59 P99=5e+02 P999=6e+02 SLO=0.533 rescue_moves=0 BMR=0
[38/60] L1_WorkStealingPolling rho=0.85 seed=59 P99=1e+02 P999=3e+02 SLO=0.0404 rescue_moves=0 BMR=0
[39/60] M0_AltoThreshold rho=0.85 seed=59 P99=2e+02 P999=3e+02 SLO=0.0872 rescue_moves=0 BMR=0
[40/60] M1_RescueSched rho=0.85 seed=59 P99=2e+02 P999=3e+02 SLO=0.0732 rescue_moves=1407 BMR=0.992182
[41/60] L0_RandomCore rho=0.9 seed=11 P99=2e+03 P999=2e+03 SLO=0.67 rescue_moves=0 BMR=0
[42/60] L1_WorkStealingPolling rho=0.9 seed=11 P99=2e+02 P999=3e+02 SLO=0.096 rescue_moves=0 BMR=0
[43/60] M0_AltoThreshold rho=0.9 seed=11 P99=2e+02 P999=4e+02 SLO=0.1706 rescue_moves=0 BMR=0
[44/60] M1_RescueSched rho=0.9 seed=11 P99=2e+02 P999=4e+02 SLO=0.1552 rescue_moves=1478 BMR=0.975643
[45/60] L0_RandomCore rho=0.9 seed=23 P99=1e+03 P999=1e+03 SLO=0.7224 rescue_moves=0 BMR=0
[46/60] L1_WorkStealingPolling rho=0.9 seed=23 P99=2e+02 P999=4e+02 SLO=0.1978 rescue_moves=0 BMR=0
[47/60] M0_AltoThreshold rho=0.9 seed=23 P99=2e+02 P999=4e+02 SLO=0.291 rescue_moves=0 BMR=0
[48/60] M1_RescueSched rho=0.9 seed=23 P99=3e+02 P999=4e+02 SLO=0.2788 rescue_moves=1325 BMR=0.954717
[49/60] L0_RandomCore rho=0.9 seed=37 P99=1e+03 P999=1e+03 SLO=0.6764 rescue_moves=0 BMR=0
[50/60] L1_WorkStealingPolling rho=0.9 seed=37 P99=2e+02 P999=4e+02 SLO=0.1308 rescue_moves=0 BMR=0
[51/60] M0_AltoThreshold rho=0.9 seed=37 P99=2e+02 P999=4e+02 SLO=0.2194 rescue_moves=0 BMR=0
[52/60] M1_RescueSched rho=0.9 seed=37 P99=3e+02 P999=4e+02 SLO=0.1948 rescue_moves=1406 BMR=0.968706
[53/60] L0_RandomCore rho=0.9 seed=47 P99=7e+02 P999=9e+02 SLO=0.6444 rescue_moves=0 BMR=0
[54/60] L1_WorkStealingPolling rho=0.9 seed=47 P99=2e+02 P999=3e+02 SLO=0.0582 rescue_moves=0 BMR=0
[55/60] M0_AltoThreshold rho=0.9 seed=47 P99=2e+02 P999=4e+02 SLO=0.1168 rescue_moves=0 BMR=0
[56/60] M1_RescueSched rho=0.9 seed=47 P99=2e+02 P999=4e+02 SLO=0.1232 rescue_moves=1440 BMR=0.972917
[57/60] L0_RandomCore rho=0.9 seed=59 P99=7e+02 P999=9e+02 SLO=0.619 rescue_moves=0 BMR=0
[58/60] L1_WorkStealingPolling rho=0.9 seed=59 P99=1e+02 P999=3e+02 SLO=0.0676 rescue_moves=0 BMR=0
[59/60] M0_AltoThreshold rho=0.9 seed=59 P99=2e+02 P999=4e+02 SLO=0.1286 rescue_moves=0 BMR=0
[60/60] M1_RescueSched rho=0.9 seed=59 P99=2e+02 P999=4e+02 SLO=0.1168 rescue_moves=1444 BMR=0.978532

RescueSched main done -> artifacts/step-22-local-simulation-diagnostics/pilot-20260715/raw/check-5__w3.csv
