=== RescueSched Main: W3 rho/seed sweep ===
[1/60] L0_RandomCore rho=0.7 seed=11 P99=8e+02 P999=1e+03 SLO=0.3908 rescue_moves=0 BMR=0
[2/60] L1_WorkStealingPolling rho=0.7 seed=11 P99=2e+02 P999=3e+02 SLO=0.0102 rescue_moves=0 BMR=0
[3/60] M0_AltoThreshold rho=0.7 seed=11 P99=2e+02 P999=4e+02 SLO=0.025 rescue_moves=0 BMR=0
[4/60] M1_RescueSched rho=0.7 seed=11 P99=2e+02 P999=4e+02 SLO=0.0198 rescue_moves=1280 BMR=0.99375
[5/60] L0_RandomCore rho=0.7 seed=23 P99=7e+02 P999=8e+02 SLO=0.4144 rescue_moves=0 BMR=0
[6/60] L1_WorkStealingPolling rho=0.7 seed=23 P99=2e+02 P999=4e+02 SLO=0.0084 rescue_moves=0 BMR=0
[7/60] M0_AltoThreshold rho=0.7 seed=23 P99=2e+02 P999=4e+02 SLO=0.0262 rescue_moves=0 BMR=0
[8/60] M1_RescueSched rho=0.7 seed=23 P99=2e+02 P999=4e+02 SLO=0.0266 rescue_moves=1353 BMR=0.990392
[9/60] L0_RandomCore rho=0.7 seed=37 P99=8e+02 P999=1e+03 SLO=0.3914 rescue_moves=0 BMR=0
[10/60] L1_WorkStealingPolling rho=0.7 seed=37 P99=2e+02 P999=4e+02 SLO=0.0116 rescue_moves=0 BMR=0
[11/60] M0_AltoThreshold rho=0.7 seed=37 P99=2e+02 P999=4e+02 SLO=0.0238 rescue_moves=0 BMR=0
[12/60] M1_RescueSched rho=0.7 seed=37 P99=2e+02 P999=4e+02 SLO=0.0202 rescue_moves=1310 BMR=0.994656
[13/60] L0_RandomCore rho=0.7 seed=47 P99=4e+02 P999=8e+02 SLO=0.3452 rescue_moves=0 BMR=0
[14/60] L1_WorkStealingPolling rho=0.7 seed=47 P99=2e+02 P999=3e+02 SLO=0.0046 rescue_moves=0 BMR=0
[15/60] M0_AltoThreshold rho=0.7 seed=47 P99=2e+02 P999=4e+02 SLO=0.0218 rescue_moves=0 BMR=0
[16/60] M1_RescueSched rho=0.7 seed=47 P99=2e+02 P999=4e+02 SLO=0.0194 rescue_moves=1185 BMR=0.995781
[17/60] L0_RandomCore rho=0.7 seed=59 P99=3e+02 P999=4e+02 SLO=0.3408 rescue_moves=0 BMR=0
[18/60] L1_WorkStealingPolling rho=0.7 seed=59 P99=1e+02 P999=3e+02 SLO=0.0062 rescue_moves=0 BMR=0
[19/60] M0_AltoThreshold rho=0.7 seed=59 P99=2e+02 P999=4e+02 SLO=0.0204 rescue_moves=0 BMR=0
[20/60] M1_RescueSched rho=0.7 seed=59 P99=2e+02 P999=3e+02 SLO=0.0172 rescue_moves=1240 BMR=0.991935
[21/60] L0_RandomCore rho=0.85 seed=11 P99=1e+03 P999=1e+03 SLO=0.6006 rescue_moves=0 BMR=0
[22/60] L1_WorkStealingPolling rho=0.85 seed=11 P99=2e+02 P999=3e+02 SLO=0.0406 rescue_moves=0 BMR=0
[23/60] M0_AltoThreshold rho=0.85 seed=11 P99=2e+02 P999=4e+02 SLO=0.0472 rescue_moves=0 BMR=0
[24/60] M1_RescueSched rho=0.85 seed=11 P99=2e+02 P999=4e+02 SLO=0.0392 rescue_moves=1698 BMR=0.981154
[25/60] L0_RandomCore rho=0.85 seed=23 P99=9e+02 P999=1e+03 SLO=0.638 rescue_moves=0 BMR=0
[26/60] L1_WorkStealingPolling rho=0.85 seed=23 P99=2e+02 P999=4e+02 SLO=0.0638 rescue_moves=0 BMR=0
[27/60] M0_AltoThreshold rho=0.85 seed=23 P99=2e+02 P999=4e+02 SLO=0.0798 rescue_moves=0 BMR=0
[28/60] M1_RescueSched rho=0.85 seed=23 P99=2e+02 P999=4e+02 SLO=0.0656 rescue_moves=1794 BMR=0.96544
[29/60] L0_RandomCore rho=0.85 seed=37 P99=1e+03 P999=1e+03 SLO=0.5952 rescue_moves=0 BMR=0
[30/60] L1_WorkStealingPolling rho=0.85 seed=37 P99=2e+02 P999=4e+02 SLO=0.0658 rescue_moves=0 BMR=0
[31/60] M0_AltoThreshold rho=0.85 seed=37 P99=2e+02 P999=4e+02 SLO=0.0736 rescue_moves=0 BMR=0
[32/60] M1_RescueSched rho=0.85 seed=37 P99=2e+02 P999=4e+02 SLO=0.0618 rescue_moves=1716 BMR=0.967366
[33/60] L0_RandomCore rho=0.85 seed=47 P99=6e+02 P999=9e+02 SLO=0.5574 rescue_moves=0 BMR=0
[34/60] L1_WorkStealingPolling rho=0.85 seed=47 P99=2e+02 P999=3e+02 SLO=0.027 rescue_moves=0 BMR=0
[35/60] M0_AltoThreshold rho=0.85 seed=47 P99=2e+02 P999=3e+02 SLO=0.0344 rescue_moves=0 BMR=0
[36/60] M1_RescueSched rho=0.85 seed=47 P99=2e+02 P999=3e+02 SLO=0.0332 rescue_moves=1627 BMR=0.984634
[37/60] L0_RandomCore rho=0.85 seed=59 P99=5e+02 P999=6e+02 SLO=0.533 rescue_moves=0 BMR=0
[38/60] L1_WorkStealingPolling rho=0.85 seed=59 P99=1e+02 P999=3e+02 SLO=0.0404 rescue_moves=0 BMR=0
[39/60] M0_AltoThreshold rho=0.85 seed=59 P99=2e+02 P999=4e+02 SLO=0.0298 rescue_moves=0 BMR=0
[40/60] M1_RescueSched rho=0.85 seed=59 P99=2e+02 P999=3e+02 SLO=0.024 rescue_moves=1621 BMR=0.984577
[41/60] L0_RandomCore rho=0.9 seed=11 P99=2e+03 P999=2e+03 SLO=0.67 rescue_moves=0 BMR=0
[42/60] L1_WorkStealingPolling rho=0.9 seed=11 P99=2e+02 P999=3e+02 SLO=0.0878 rescue_moves=0 BMR=0
[43/60] M0_AltoThreshold rho=0.9 seed=11 P99=2e+02 P999=4e+02 SLO=0.081 rescue_moves=0 BMR=0
[44/60] M1_RescueSched rho=0.9 seed=11 P99=2e+02 P999=4e+02 SLO=0.0652 rescue_moves=1897 BMR=0.962045
[45/60] L0_RandomCore rho=0.9 seed=23 P99=1e+03 P999=1e+03 SLO=0.7224 rescue_moves=0 BMR=0
[46/60] L1_WorkStealingPolling rho=0.9 seed=23 P99=2e+02 P999=4e+02 SLO=0.194 rescue_moves=0 BMR=0
[47/60] M0_AltoThreshold rho=0.9 seed=23 P99=2e+02 P999=4e+02 SLO=0.2156 rescue_moves=0 BMR=0
[48/60] M1_RescueSched rho=0.9 seed=23 P99=2e+02 P999=5e+02 SLO=0.181 rescue_moves=1766 BMR=0.93205
[49/60] L0_RandomCore rho=0.9 seed=37 P99=1e+03 P999=1e+03 SLO=0.6764 rescue_moves=0 BMR=0
[50/60] L1_WorkStealingPolling rho=0.9 seed=37 P99=2e+02 P999=4e+02 SLO=0.1276 rescue_moves=0 BMR=0
[51/60] M0_AltoThreshold rho=0.9 seed=37 P99=2e+02 P999=4e+02 SLO=0.1398 rescue_moves=0 BMR=0
[52/60] M1_RescueSched rho=0.9 seed=37 P99=2e+02 P999=4e+02 SLO=0.1244 rescue_moves=1704 BMR=0.961268
[53/60] L0_RandomCore rho=0.9 seed=47 P99=7e+02 P999=9e+02 SLO=0.6444 rescue_moves=0 BMR=0
[54/60] L1_WorkStealingPolling rho=0.9 seed=47 P99=2e+02 P999=3e+02 SLO=0.0588 rescue_moves=0 BMR=0
[55/60] M0_AltoThreshold rho=0.9 seed=47 P99=2e+02 P999=4e+02 SLO=0.054 rescue_moves=0 BMR=0
[56/60] M1_RescueSched rho=0.9 seed=47 P99=2e+02 P999=4e+02 SLO=0.0448 rescue_moves=1745 BMR=0.976504
[57/60] L0_RandomCore rho=0.9 seed=59 P99=7e+02 P999=9e+02 SLO=0.619 rescue_moves=0 BMR=0
[58/60] L1_WorkStealingPolling rho=0.9 seed=59 P99=1e+02 P999=3e+02 SLO=0.0668 rescue_moves=0 BMR=0
[59/60] M0_AltoThreshold rho=0.9 seed=59 P99=2e+02 P999=3e+02 SLO=0.0498 rescue_moves=0 BMR=0
[60/60] M1_RescueSched rho=0.9 seed=59 P99=2e+02 P999=3e+02 SLO=0.04 rescue_moves=1798 BMR=0.976641

RescueSched main done -> artifacts/step-22-local-simulation-diagnostics/pilot-20260715/raw/ewma-0.20__w3.csv
