=== RescueSched Main: W2 rho/seed sweep ===
[1/20] L0_RandomCore rho=0.85 seed=11 P99=8e+02 P999=1e+03 SLO=0.6312 rescue_moves=0 BMR=0
[2/20] L1_WorkStealingPolling rho=0.85 seed=11 P99=1e+02 P999=2e+02 SLO=0.0704 rescue_moves=0 BMR=0
[3/20] M0_AltoThreshold rho=0.85 seed=11 P99=2e+02 P999=2e+02 SLO=0.0286 rescue_moves=0 BMR=0
[4/20] M1_RescueSched rho=0.85 seed=11 P99=2e+02 P999=2e+02 SLO=0.0246 rescue_moves=2125 BMR=0.988706
[5/20] L0_RandomCore rho=0.85 seed=23 P99=4e+03 P999=4e+03 SLO=0.7622 rescue_moves=0 BMR=0
[6/20] L1_WorkStealingPolling rho=0.85 seed=23 P99=8e+02 P999=8e+02 SLO=0.485 rescue_moves=0 BMR=0
[7/20] M0_AltoThreshold rho=0.85 seed=23 P99=5e+02 P999=6e+02 SLO=0.5136 rescue_moves=0 BMR=0
[8/20] M1_RescueSched rho=0.85 seed=23 P99=3e+03 P999=3e+03 SLO=0.3588 rescue_moves=1592 BMR=0.98304
[9/20] L0_RandomCore rho=0.85 seed=37 P99=5e+03 P999=5e+03 SLO=0.7832 rescue_moves=0 BMR=0
[10/20] L1_WorkStealingPolling rho=0.85 seed=37 P99=1e+03 P999=1e+03 SLO=0.5202 rescue_moves=0 BMR=0
[11/20] M0_AltoThreshold rho=0.85 seed=37 P99=5e+02 P999=6e+02 SLO=0.5248 rescue_moves=0 BMR=0
[12/20] M1_RescueSched rho=0.85 seed=37 P99=3e+03 P999=3e+03 SLO=0.3654 rescue_moves=1625 BMR=0.980923
[13/20] L0_RandomCore rho=0.85 seed=47 P99=6e+02 P999=8e+02 SLO=0.6464 rescue_moves=0 BMR=0
[14/20] L1_WorkStealingPolling rho=0.85 seed=47 P99=1e+02 P999=2e+02 SLO=0.0858 rescue_moves=0 BMR=0
[15/20] M0_AltoThreshold rho=0.85 seed=47 P99=2e+02 P999=2e+02 SLO=0.0416 rescue_moves=0 BMR=0
[16/20] M1_RescueSched rho=0.85 seed=47 P99=2e+02 P999=2e+02 SLO=0.0254 rescue_moves=2126 BMR=0.991533
[17/20] L0_RandomCore rho=0.85 seed=59 P99=1e+03 P999=1e+03 SLO=0.6256 rescue_moves=0 BMR=0
[18/20] L1_WorkStealingPolling rho=0.85 seed=59 P99=2e+02 P999=2e+02 SLO=0.0874 rescue_moves=0 BMR=0
[19/20] M0_AltoThreshold rho=0.85 seed=59 P99=2e+02 P999=2e+02 SLO=0.0776 rescue_moves=0 BMR=0
[20/20] M1_RescueSched rho=0.85 seed=59 P99=2e+02 P999=3e+02 SLO=0.06 rescue_moves=2167 BMR=0.986156

RescueSched main done -> artifacts/step-22-local-simulation-diagnostics/pilot-20260715/raw/handoff-2__w2.csv
