=== RescueSched Main: W3 rho/seed sweep ===
[1/60] L0_RandomCore rho=0.7 seed=11 P99=2e+04 P999=2e+04 SLO=0.607 rescue_moves=0 BMR=0
[2/60] L1_WorkStealingPolling rho=0.7 seed=11 P99=2e+02 P999=3e+02 SLO=0.0108 rescue_moves=0 BMR=0
[3/60] M0_AltoThreshold rho=0.7 seed=11 P99=2e+02 P999=4e+02 SLO=0.0238 rescue_moves=0 BMR=0
[4/60] M1_RescueSched rho=0.7 seed=11 P99=2e+02 P999=4e+02 SLO=0.0232 rescue_moves=2009 BMR=0.992534
[5/60] L0_RandomCore rho=0.7 seed=23 P99=2e+04 P999=2e+04 SLO=0.6252 rescue_moves=0 BMR=0
[6/60] L1_WorkStealingPolling rho=0.7 seed=23 P99=2e+02 P999=4e+02 SLO=0.0074 rescue_moves=0 BMR=0
[7/60] M0_AltoThreshold rho=0.7 seed=23 P99=2e+02 P999=4e+02 SLO=0.024 rescue_moves=0 BMR=0
[8/60] M1_RescueSched rho=0.7 seed=23 P99=2e+02 P999=4e+02 SLO=0.0218 rescue_moves=2067 BMR=0.993711
[9/60] L0_RandomCore rho=0.7 seed=37 P99=2e+04 P999=2e+04 SLO=0.6118 rescue_moves=0 BMR=0
[10/60] L1_WorkStealingPolling rho=0.7 seed=37 P99=2e+02 P999=4e+02 SLO=0.0094 rescue_moves=0 BMR=0
[11/60] M0_AltoThreshold rho=0.7 seed=37 P99=2e+02 P999=4e+02 SLO=0.0222 rescue_moves=0 BMR=0
[12/60] M1_RescueSched rho=0.7 seed=37 P99=2e+02 P999=4e+02 SLO=0.0196 rescue_moves=2018 BMR=0.994549
[13/60] L0_RandomCore rho=0.7 seed=47 P99=2e+04 P999=2e+04 SLO=0.5872 rescue_moves=0 BMR=0
[14/60] L1_WorkStealingPolling rho=0.7 seed=47 P99=2e+02 P999=3e+02 SLO=0.0048 rescue_moves=0 BMR=0
[15/60] M0_AltoThreshold rho=0.7 seed=47 P99=2e+02 P999=3e+02 SLO=0.0228 rescue_moves=0 BMR=0
[16/60] M1_RescueSched rho=0.7 seed=47 P99=2e+02 P999=3e+02 SLO=0.019 rescue_moves=1926 BMR=0.995846
[17/60] L0_RandomCore rho=0.7 seed=59 P99=2e+04 P999=2e+04 SLO=0.6044 rescue_moves=0 BMR=0
[18/60] L1_WorkStealingPolling rho=0.7 seed=59 P99=1e+02 P999=3e+02 SLO=0.0056 rescue_moves=0 BMR=0
[19/60] M0_AltoThreshold rho=0.7 seed=59 P99=2e+02 P999=3e+02 SLO=0.02 rescue_moves=0 BMR=0
[20/60] M1_RescueSched rho=0.7 seed=59 P99=2e+02 P999=3e+02 SLO=0.0196 rescue_moves=1929 BMR=0.995853
[21/60] L0_RandomCore rho=0.85 seed=11 P99=2e+04 P999=2e+04 SLO=0.6528 rescue_moves=0 BMR=0
[22/60] L1_WorkStealingPolling rho=0.85 seed=11 P99=2e+02 P999=3e+02 SLO=0.041 rescue_moves=0 BMR=0
[23/60] M0_AltoThreshold rho=0.85 seed=11 P99=2e+02 P999=4e+02 SLO=0.0476 rescue_moves=0 BMR=0
[24/60] M1_RescueSched rho=0.85 seed=11 P99=2e+02 P999=4e+02 SLO=0.0398 rescue_moves=2410 BMR=0.982988
[25/60] L0_RandomCore rho=0.85 seed=23 P99=3e+04 P999=3e+04 SLO=0.674 rescue_moves=0 BMR=0
[26/60] L1_WorkStealingPolling rho=0.85 seed=23 P99=2e+02 P999=4e+02 SLO=0.06 rescue_moves=0 BMR=0
[27/60] M0_AltoThreshold rho=0.85 seed=23 P99=2e+02 P999=4e+02 SLO=0.0812 rescue_moves=0 BMR=0
[28/60] M1_RescueSched rho=0.85 seed=23 P99=2e+02 P999=4e+02 SLO=0.0596 rescue_moves=2446 BMR=0.969338
[29/60] L0_RandomCore rho=0.85 seed=37 P99=2e+04 P999=2e+04 SLO=0.66 rescue_moves=0 BMR=0
[30/60] L1_WorkStealingPolling rho=0.85 seed=37 P99=2e+02 P999=4e+02 SLO=0.0714 rescue_moves=0 BMR=0
[31/60] M0_AltoThreshold rho=0.85 seed=37 P99=2e+02 P999=4e+02 SLO=0.0746 rescue_moves=0 BMR=0
[32/60] M1_RescueSched rho=0.85 seed=37 P99=2e+02 P999=4e+02 SLO=0.0612 rescue_moves=2351 BMR=0.979158
[33/60] L0_RandomCore rho=0.85 seed=47 P99=2e+04 P999=2e+04 SLO=0.637 rescue_moves=0 BMR=0
[34/60] L1_WorkStealingPolling rho=0.85 seed=47 P99=2e+02 P999=3e+02 SLO=0.0252 rescue_moves=0 BMR=0
[35/60] M0_AltoThreshold rho=0.85 seed=47 P99=2e+02 P999=4e+02 SLO=0.0306 rescue_moves=0 BMR=0
[36/60] M1_RescueSched rho=0.85 seed=47 P99=2e+02 P999=3e+02 SLO=0.0306 rescue_moves=2305 BMR=0.988286
[37/60] L0_RandomCore rho=0.85 seed=59 P99=2e+04 P999=2e+04 SLO=0.6458 rescue_moves=0 BMR=0
[38/60] L1_WorkStealingPolling rho=0.85 seed=59 P99=1e+02 P999=3e+02 SLO=0.0378 rescue_moves=0 BMR=0
[39/60] M0_AltoThreshold rho=0.85 seed=59 P99=2e+02 P999=4e+02 SLO=0.0366 rescue_moves=0 BMR=0
[40/60] M1_RescueSched rho=0.85 seed=59 P99=2e+02 P999=4e+02 SLO=0.0326 rescue_moves=2347 BMR=0.985087
[41/60] L0_RandomCore rho=0.9 seed=11 P99=2e+04 P999=2e+04 SLO=0.667 rescue_moves=0 BMR=0
[42/60] L1_WorkStealingPolling rho=0.9 seed=11 P99=2e+02 P999=3e+02 SLO=0.0974 rescue_moves=0 BMR=0
[43/60] M0_AltoThreshold rho=0.9 seed=11 P99=2e+02 P999=4e+02 SLO=0.0938 rescue_moves=0 BMR=0
[44/60] M1_RescueSched rho=0.9 seed=11 P99=2e+02 P999=4e+02 SLO=0.0912 rescue_moves=2467 BMR=0.965545
[45/60] L0_RandomCore rho=0.9 seed=23 P99=3e+04 P999=3e+04 SLO=0.688 rescue_moves=0 BMR=0
[46/60] L1_WorkStealingPolling rho=0.9 seed=23 P99=2e+02 P999=4e+02 SLO=0.2008 rescue_moves=0 BMR=0
[47/60] M0_AltoThreshold rho=0.9 seed=23 P99=2e+02 P999=4e+02 SLO=0.2282 rescue_moves=0 BMR=0
[48/60] M1_RescueSched rho=0.9 seed=23 P99=1e+04 P999=2e+04 SLO=0.2312 rescue_moves=1682 BMR=0.966706
[49/60] L0_RandomCore rho=0.9 seed=37 P99=2e+04 P999=2e+04 SLO=0.679 rescue_moves=0 BMR=0
[50/60] L1_WorkStealingPolling rho=0.9 seed=37 P99=2e+02 P999=4e+02 SLO=0.1318 rescue_moves=0 BMR=0
[51/60] M0_AltoThreshold rho=0.9 seed=37 P99=2e+02 P999=4e+02 SLO=0.165 rescue_moves=0 BMR=0
[52/60] M1_RescueSched rho=0.9 seed=37 P99=3e+02 P999=4e+02 SLO=0.1324 rescue_moves=2338 BMR=0.965783
[53/60] L0_RandomCore rho=0.9 seed=47 P99=2e+04 P999=2e+04 SLO=0.648 rescue_moves=0 BMR=0
[54/60] L1_WorkStealingPolling rho=0.9 seed=47 P99=2e+02 P999=3e+02 SLO=0.0526 rescue_moves=0 BMR=0
[55/60] M0_AltoThreshold rho=0.9 seed=47 P99=2e+02 P999=4e+02 SLO=0.0534 rescue_moves=0 BMR=0
[56/60] M1_RescueSched rho=0.9 seed=47 P99=2e+02 P999=3e+02 SLO=0.0412 rescue_moves=2419 BMR=0.985118
[57/60] L0_RandomCore rho=0.9 seed=59 P99=2e+04 P999=2e+04 SLO=0.6648 rescue_moves=0 BMR=0
[58/60] L1_WorkStealingPolling rho=0.9 seed=59 P99=1e+02 P999=3e+02 SLO=0.0672 rescue_moves=0 BMR=0
[59/60] M0_AltoThreshold rho=0.9 seed=59 P99=2e+02 P999=3e+02 SLO=0.069 rescue_moves=0 BMR=0
[60/60] M1_RescueSched rho=0.9 seed=59 P99=2e+02 P999=4e+02 SLO=0.0526 rescue_moves=2430 BMR=0.976132

RescueSched main done -> artifacts/step-22-local-simulation-diagnostics/pilot-20260715/raw/placement-flow-zipf__w3.csv
