=== RescueSched Main: W2 rho/seed sweep ===
[1/20] L0_RandomCore rho=0.85 seed=11 P99=7e+02 P999=8e+02 SLO=0.6624 rescue_moves=0 BMR=0
[2/20] L1_WorkStealingPolling rho=0.85 seed=11 P99=1e+02 P999=1e+02 SLO=0.0544 rescue_moves=0 BMR=0
[3/20] M0_AltoThreshold rho=0.85 seed=11 P99=2e+02 P999=2e+02 SLO=0.031 rescue_moves=0 BMR=0
[4/20] M1_RescueSched rho=0.85 seed=11 P99=2e+02 P999=2e+02 SLO=0.013 rescue_moves=2142 BMR=0.999533
[5/20] L0_RandomCore rho=0.85 seed=23 P99=2e+03 P999=2e+03 SLO=0.8238 rescue_moves=0 BMR=0
[6/20] L1_WorkStealingPolling rho=0.85 seed=23 P99=6e+02 P999=7e+02 SLO=0.4754 rescue_moves=0 BMR=0
[7/20] M0_AltoThreshold rho=0.85 seed=23 P99=5e+02 P999=5e+02 SLO=0.4968 rescue_moves=0 BMR=0
[8/20] M1_RescueSched rho=0.85 seed=23 P99=9e+02 P999=1e+03 SLO=0.4664 rescue_moves=1311 BMR=0.996186
[9/20] L0_RandomCore rho=0.85 seed=37 P99=1e+03 P999=1e+03 SLO=0.8178 rescue_moves=0 BMR=0
[10/20] L1_WorkStealingPolling rho=0.85 seed=37 P99=7e+02 P999=8e+02 SLO=0.5032 rescue_moves=0 BMR=0
[11/20] M0_AltoThreshold rho=0.85 seed=37 P99=5e+02 P999=6e+02 SLO=0.524 rescue_moves=0 BMR=0
[12/20] M1_RescueSched rho=0.85 seed=37 P99=7e+02 P999=8e+02 SLO=0.47 rescue_moves=1276 BMR=0.996082
[13/20] L0_RandomCore rho=0.85 seed=47 P99=1e+03 P999=1e+03 SLO=0.6362 rescue_moves=0 BMR=0
[14/20] L1_WorkStealingPolling rho=0.85 seed=47 P99=1e+02 P999=2e+02 SLO=0.0692 rescue_moves=0 BMR=0
[15/20] M0_AltoThreshold rho=0.85 seed=47 P99=2e+02 P999=2e+02 SLO=0.0432 rescue_moves=0 BMR=0
[16/20] M1_RescueSched rho=0.85 seed=47 P99=2e+02 P999=2e+02 SLO=0.0312 rescue_moves=2165 BMR=0.995843
[17/20] L0_RandomCore rho=0.85 seed=59 P99=6e+02 P999=7e+02 SLO=0.6546 rescue_moves=0 BMR=0
[18/20] L1_WorkStealingPolling rho=0.85 seed=59 P99=2e+02 P999=2e+02 SLO=0.0696 rescue_moves=0 BMR=0
[19/20] M0_AltoThreshold rho=0.85 seed=59 P99=2e+02 P999=2e+02 SLO=0.0602 rescue_moves=0 BMR=0
[20/20] M1_RescueSched rho=0.85 seed=59 P99=2e+02 P999=3e+02 SLO=0.0438 rescue_moves=2178 BMR=0.998163

RescueSched main done -> artifacts/step-22-local-simulation-diagnostics/pilot-20260715/raw/placement-flow-uniform__w2.csv
