=== RescueSched Main: W3 rho/seed sweep ===
[1/60] L0_RandomCore rho=0.7 seed=11 P99=4e+02 P999=5e+02 SLO=0.3828 rescue_moves=0 BMR=0
[2/60] L1_WorkStealingPolling rho=0.7 seed=11 P99=2e+02 P999=3e+02 SLO=0.0092 rescue_moves=0 BMR=0
[3/60] M0_AltoThreshold rho=0.7 seed=11 P99=2e+02 P999=4e+02 SLO=0.023 rescue_moves=0 BMR=0
[4/60] M1_RescueSched rho=0.7 seed=11 P99=2e+02 P999=4e+02 SLO=0.0208 rescue_moves=1303 BMR=0.995395
[5/60] L0_RandomCore rho=0.7 seed=23 P99=7e+02 P999=1e+03 SLO=0.4316 rescue_moves=0 BMR=0
[6/60] L1_WorkStealingPolling rho=0.7 seed=23 P99=2e+02 P999=4e+02 SLO=0.0088 rescue_moves=0 BMR=0
[7/60] M0_AltoThreshold rho=0.7 seed=23 P99=2e+02 P999=4e+02 SLO=0.022 rescue_moves=0 BMR=0
[8/60] M1_RescueSched rho=0.7 seed=23 P99=2e+02 P999=4e+02 SLO=0.0218 rescue_moves=1335 BMR=0.992509
[9/60] L0_RandomCore rho=0.7 seed=37 P99=7e+02 P999=1e+03 SLO=0.3852 rescue_moves=0 BMR=0
[10/60] L1_WorkStealingPolling rho=0.7 seed=37 P99=2e+02 P999=4e+02 SLO=0.0102 rescue_moves=0 BMR=0
[11/60] M0_AltoThreshold rho=0.7 seed=37 P99=2e+02 P999=4e+02 SLO=0.0234 rescue_moves=0 BMR=0
[12/60] M1_RescueSched rho=0.7 seed=37 P99=2e+02 P999=4e+02 SLO=0.0196 rescue_moves=1318 BMR=0.995448
[13/60] L0_RandomCore rho=0.7 seed=47 P99=5e+02 P999=7e+02 SLO=0.3562 rescue_moves=0 BMR=0
[14/60] L1_WorkStealingPolling rho=0.7 seed=47 P99=2e+02 P999=3e+02 SLO=0.0042 rescue_moves=0 BMR=0
[15/60] M0_AltoThreshold rho=0.7 seed=47 P99=2e+02 P999=3e+02 SLO=0.0204 rescue_moves=0 BMR=0
[16/60] M1_RescueSched rho=0.7 seed=47 P99=2e+02 P999=3e+02 SLO=0.0176 rescue_moves=1202 BMR=0.995008
[17/60] L0_RandomCore rho=0.7 seed=59 P99=4e+02 P999=5e+02 SLO=0.327 rescue_moves=0 BMR=0
[18/60] L1_WorkStealingPolling rho=0.7 seed=59 P99=1e+02 P999=3e+02 SLO=0.005 rescue_moves=0 BMR=0
[19/60] M0_AltoThreshold rho=0.7 seed=59 P99=2e+02 P999=3e+02 SLO=0.0218 rescue_moves=0 BMR=0
[20/60] M1_RescueSched rho=0.7 seed=59 P99=2e+02 P999=3e+02 SLO=0.0204 rescue_moves=1157 BMR=0.99395
[21/60] L0_RandomCore rho=0.85 seed=11 P99=7e+02 P999=8e+02 SLO=0.6066 rescue_moves=0 BMR=0
[22/60] L1_WorkStealingPolling rho=0.85 seed=11 P99=2e+02 P999=3e+02 SLO=0.0416 rescue_moves=0 BMR=0
[23/60] M0_AltoThreshold rho=0.85 seed=11 P99=2e+02 P999=4e+02 SLO=0.0364 rescue_moves=0 BMR=0
[24/60] M1_RescueSched rho=0.85 seed=11 P99=2e+02 P999=4e+02 SLO=0.034 rescue_moves=1743 BMR=0.985657
[25/60] L0_RandomCore rho=0.85 seed=23 P99=1e+03 P999=1e+03 SLO=0.6498 rescue_moves=0 BMR=0
[26/60] L1_WorkStealingPolling rho=0.85 seed=23 P99=2e+02 P999=4e+02 SLO=0.0652 rescue_moves=0 BMR=0
[27/60] M0_AltoThreshold rho=0.85 seed=23 P99=2e+02 P999=4e+02 SLO=0.0578 rescue_moves=0 BMR=0
[28/60] M1_RescueSched rho=0.85 seed=23 P99=2e+02 P999=5e+02 SLO=0.0566 rescue_moves=1796 BMR=0.963808
[29/60] L0_RandomCore rho=0.85 seed=37 P99=1e+03 P999=1e+03 SLO=0.627 rescue_moves=0 BMR=0
[30/60] L1_WorkStealingPolling rho=0.85 seed=37 P99=2e+02 P999=4e+02 SLO=0.0668 rescue_moves=0 BMR=0
[31/60] M0_AltoThreshold rho=0.85 seed=37 P99=2e+02 P999=4e+02 SLO=0.067 rescue_moves=0 BMR=0
[32/60] M1_RescueSched rho=0.85 seed=37 P99=2e+02 P999=4e+02 SLO=0.0528 rescue_moves=1703 BMR=0.975338
[33/60] L0_RandomCore rho=0.85 seed=47 P99=7e+02 P999=9e+02 SLO=0.5738 rescue_moves=0 BMR=0
[34/60] L1_WorkStealingPolling rho=0.85 seed=47 P99=2e+02 P999=3e+02 SLO=0.0228 rescue_moves=0 BMR=0
[35/60] M0_AltoThreshold rho=0.85 seed=47 P99=2e+02 P999=3e+02 SLO=0.0346 rescue_moves=0 BMR=0
[36/60] M1_RescueSched rho=0.85 seed=47 P99=2e+02 P999=3e+02 SLO=0.0324 rescue_moves=1584 BMR=0.980429
[37/60] L0_RandomCore rho=0.85 seed=59 P99=6e+02 P999=7e+02 SLO=0.5392 rescue_moves=0 BMR=0
[38/60] L1_WorkStealingPolling rho=0.85 seed=59 P99=1e+02 P999=3e+02 SLO=0.034 rescue_moves=0 BMR=0
[39/60] M0_AltoThreshold rho=0.85 seed=59 P99=2e+02 P999=3e+02 SLO=0.0334 rescue_moves=0 BMR=0
[40/60] M1_RescueSched rho=0.85 seed=59 P99=2e+02 P999=3e+02 SLO=0.0302 rescue_moves=1543 BMR=0.982502
[41/60] L0_RandomCore rho=0.9 seed=11 P99=9e+02 P999=1e+03 SLO=0.6952 rescue_moves=0 BMR=0
[42/60] L1_WorkStealingPolling rho=0.9 seed=11 P99=2e+02 P999=3e+02 SLO=0.0938 rescue_moves=0 BMR=0
[43/60] M0_AltoThreshold rho=0.9 seed=11 P99=2e+02 P999=4e+02 SLO=0.0886 rescue_moves=0 BMR=0
[44/60] M1_RescueSched rho=0.9 seed=11 P99=2e+02 P999=4e+02 SLO=0.0716 rescue_moves=1921 BMR=0.961478
[45/60] L0_RandomCore rho=0.9 seed=23 P99=1e+03 P999=2e+03 SLO=0.7322 rescue_moves=0 BMR=0
[46/60] L1_WorkStealingPolling rho=0.9 seed=23 P99=2e+02 P999=4e+02 SLO=0.2016 rescue_moves=0 BMR=0
[47/60] M0_AltoThreshold rho=0.9 seed=23 P99=2e+02 P999=5e+02 SLO=0.208 rescue_moves=0 BMR=0
[48/60] M1_RescueSched rho=0.9 seed=23 P99=2e+02 P999=5e+02 SLO=0.1638 rescue_moves=1774 BMR=0.935175
[49/60] L0_RandomCore rho=0.9 seed=37 P99=1e+03 P999=1e+03 SLO=0.708 rescue_moves=0 BMR=0
[50/60] L1_WorkStealingPolling rho=0.9 seed=37 P99=2e+02 P999=4e+02 SLO=0.1288 rescue_moves=0 BMR=0
[51/60] M0_AltoThreshold rho=0.9 seed=37 P99=2e+02 P999=4e+02 SLO=0.154 rescue_moves=0 BMR=0
[52/60] M1_RescueSched rho=0.9 seed=37 P99=2e+02 P999=4e+02 SLO=0.1154 rescue_moves=1763 BMR=0.953488
[53/60] L0_RandomCore rho=0.9 seed=47 P99=1e+03 P999=1e+03 SLO=0.6398 rescue_moves=0 BMR=0
[54/60] L1_WorkStealingPolling rho=0.9 seed=47 P99=2e+02 P999=3e+02 SLO=0.0588 rescue_moves=0 BMR=0
[55/60] M0_AltoThreshold rho=0.9 seed=47 P99=2e+02 P999=3e+02 SLO=0.0518 rescue_moves=0 BMR=0
[56/60] M1_RescueSched rho=0.9 seed=47 P99=2e+02 P999=3e+02 SLO=0.0446 rescue_moves=1762 BMR=0.979001
[57/60] L0_RandomCore rho=0.9 seed=59 P99=8e+02 P999=9e+02 SLO=0.6178 rescue_moves=0 BMR=0
[58/60] L1_WorkStealingPolling rho=0.9 seed=59 P99=1e+02 P999=3e+02 SLO=0.0656 rescue_moves=0 BMR=0
[59/60] M0_AltoThreshold rho=0.9 seed=59 P99=2e+02 P999=3e+02 SLO=0.062 rescue_moves=0 BMR=0
[60/60] M1_RescueSched rho=0.9 seed=59 P99=2e+02 P999=3e+02 SLO=0.0462 rescue_moves=1709 BMR=0.968988

RescueSched main done -> artifacts/step-22-local-simulation-diagnostics/pilot-20260715/raw/placement-flow-uniform__w3.csv
