=== RescueSched Main: W3 rho/seed sweep ===
[1/60] L0_RandomCore rho=0.7 seed=11 P99=6e+02 P999=1e+03 SLO=0.377213 rescue_moves=0 BMR=0
[2/60] L1_WorkStealingPolling rho=0.7 seed=11 P99=2e+02 P999=3e+02 SLO=0.009574 rescue_moves=0 BMR=0
[3/60] M0_AltoThreshold rho=0.7 seed=11 P99=2e+02 P999=4e+02 SLO=0.023855 rescue_moves=0 BMR=0
[4/60] M1_RescueSched rho=0.7 seed=11 P99=2e+02 P999=4e+02 SLO=0.021239 rescue_moves=252587 BMR=0.993424
[5/60] L0_RandomCore rho=0.7 seed=23 P99=6e+02 P999=9e+02 SLO=0.374508 rescue_moves=0 BMR=0
[6/60] L1_WorkStealingPolling rho=0.7 seed=23 P99=2e+02 P999=3e+02 SLO=0.009318 rescue_moves=0 BMR=0
[7/60] M0_AltoThreshold rho=0.7 seed=23 P99=2e+02 P999=4e+02 SLO=0.023919 rescue_moves=0 BMR=0
[8/60] M1_RescueSched rho=0.7 seed=23 P99=2e+02 P999=4e+02 SLO=0.021123 rescue_moves=252289 BMR=0.993539
[9/60] L0_RandomCore rho=0.7 seed=37 P99=6e+02 P999=9e+02 SLO=0.376014 rescue_moves=0 BMR=0
[10/60] L1_WorkStealingPolling rho=0.7 seed=37 P99=2e+02 P999=3e+02 SLO=0.009585 rescue_moves=0 BMR=0
[11/60] M0_AltoThreshold rho=0.7 seed=37 P99=2e+02 P999=4e+02 SLO=0.023687 rescue_moves=0 BMR=0
[12/60] M1_RescueSched rho=0.7 seed=37 P99=2e+02 P999=4e+02 SLO=0.021184 rescue_moves=251924 BMR=0.993887
[13/60] L0_RandomCore rho=0.7 seed=47 P99=6e+02 P999=1e+03 SLO=0.378628 rescue_moves=0 BMR=0
[14/60] L1_WorkStealingPolling rho=0.7 seed=47 P99=2e+02 P999=3e+02 SLO=0.009492 rescue_moves=0 BMR=0
[15/60] M0_AltoThreshold rho=0.7 seed=47 P99=2e+02 P999=4e+02 SLO=0.023749 rescue_moves=0 BMR=0
[16/60] M1_RescueSched rho=0.7 seed=47 P99=2e+02 P999=4e+02 SLO=0.021008 rescue_moves=253633 BMR=0.993759
[17/60] L0_RandomCore rho=0.7 seed=59 P99=6e+02 P999=1e+03 SLO=0.373953 rescue_moves=0 BMR=0
[18/60] L1_WorkStealingPolling rho=0.7 seed=59 P99=2e+02 P999=3e+02 SLO=0.009671 rescue_moves=0 BMR=0
[19/60] M0_AltoThreshold rho=0.7 seed=59 P99=2e+02 P999=4e+02 SLO=0.024036 rescue_moves=0 BMR=0
[20/60] M1_RescueSched rho=0.7 seed=59 P99=2e+02 P999=4e+02 SLO=0.021166 rescue_moves=251186 BMR=0.993431
[21/60] L0_RandomCore rho=0.85 seed=11 P99=1e+03 P999=2e+03 SLO=0.599955 rescue_moves=0 BMR=0
[22/60] L1_WorkStealingPolling rho=0.85 seed=11 P99=2e+02 P999=3e+02 SLO=0.05837 rescue_moves=0 BMR=0
[23/60] M0_AltoThreshold rho=0.85 seed=11 P99=2e+02 P999=4e+02 SLO=0.057581 rescue_moves=0 BMR=0
[24/60] M1_RescueSched rho=0.85 seed=11 P99=2e+02 P999=4e+02 SLO=0.04906 rescue_moves=335441 BMR=0.977552
[25/60] L0_RandomCore rho=0.85 seed=23 P99=1e+03 P999=2e+03 SLO=0.594095 rescue_moves=0 BMR=0
[26/60] L1_WorkStealingPolling rho=0.85 seed=23 P99=2e+02 P999=3e+02 SLO=0.056531 rescue_moves=0 BMR=0
[27/60] M0_AltoThreshold rho=0.85 seed=23 P99=2e+02 P999=4e+02 SLO=0.056153 rescue_moves=0 BMR=0
[28/60] M1_RescueSched rho=0.85 seed=23 P99=2e+02 P999=4e+02 SLO=0.047485 rescue_moves=334476 BMR=0.97833
[29/60] L0_RandomCore rho=0.85 seed=37 P99=1e+03 P999=1e+03 SLO=0.597053 rescue_moves=0 BMR=0
[30/60] L1_WorkStealingPolling rho=0.85 seed=37 P99=2e+02 P999=3e+02 SLO=0.057792 rescue_moves=0 BMR=0
[31/60] M0_AltoThreshold rho=0.85 seed=37 P99=2e+02 P999=4e+02 SLO=0.058014 rescue_moves=0 BMR=0
[32/60] M1_RescueSched rho=0.85 seed=37 P99=2e+02 P999=4e+02 SLO=0.048373 rescue_moves=334650 BMR=0.977367
[33/60] L0_RandomCore rho=0.85 seed=47 P99=1e+03 P999=2e+03 SLO=0.601885 rescue_moves=0 BMR=0
[34/60] L1_WorkStealingPolling rho=0.85 seed=47 P99=2e+02 P999=3e+02 SLO=0.060522 rescue_moves=0 BMR=0
[35/60] M0_AltoThreshold rho=0.85 seed=47 P99=2e+02 P999=4e+02 SLO=0.061552 rescue_moves=0 BMR=0
[36/60] M1_RescueSched rho=0.85 seed=47 P99=2e+02 P999=4e+02 SLO=0.051717 rescue_moves=335322 BMR=0.97673
[37/60] L0_RandomCore rho=0.85 seed=59 P99=1e+03 P999=2e+03 SLO=0.59311 rescue_moves=0 BMR=0
[38/60] L1_WorkStealingPolling rho=0.85 seed=59 P99=2e+02 P999=3e+02 SLO=0.057638 rescue_moves=0 BMR=0
[39/60] M0_AltoThreshold rho=0.85 seed=59 P99=2e+02 P999=4e+02 SLO=0.057202 rescue_moves=0 BMR=0
[40/60] M1_RescueSched rho=0.85 seed=59 P99=2e+02 P999=4e+02 SLO=0.048976 rescue_moves=333190 BMR=0.977157
[41/60] L0_RandomCore rho=0.9 seed=11 P99=2e+03 P999=2e+03 SLO=0.70678 rescue_moves=0 BMR=0
[42/60] L1_WorkStealingPolling rho=0.9 seed=11 P99=2e+02 P999=3e+02 SLO=0.121202 rescue_moves=0 BMR=0
[43/60] M0_AltoThreshold rho=0.9 seed=11 P99=2e+02 P999=4e+02 SLO=0.118911 rescue_moves=0 BMR=0
[44/60] M1_RescueSched rho=0.9 seed=11 P99=2e+02 P999=4e+02 SLO=0.099243 rescue_moves=352180 BMR=0.959526
[45/60] L0_RandomCore rho=0.9 seed=23 P99=1e+03 P999=2e+03 SLO=0.697886 rescue_moves=0 BMR=0
[46/60] L1_WorkStealingPolling rho=0.9 seed=23 P99=2e+02 P999=3e+02 SLO=0.114082 rescue_moves=0 BMR=0
[47/60] M0_AltoThreshold rho=0.9 seed=23 P99=2e+02 P999=4e+02 SLO=0.112295 rescue_moves=0 BMR=0
[48/60] M1_RescueSched rho=0.9 seed=23 P99=2e+02 P999=4e+02 SLO=0.093228 rescue_moves=352262 BMR=0.960856
[49/60] L0_RandomCore rho=0.9 seed=37 P99=1e+03 P999=2e+03 SLO=0.702738 rescue_moves=0 BMR=0
[50/60] L1_WorkStealingPolling rho=0.9 seed=37 P99=2e+02 P999=3e+02 SLO=0.118925 rescue_moves=0 BMR=0
[51/60] M0_AltoThreshold rho=0.9 seed=37 P99=2e+02 P999=4e+02 SLO=0.117903 rescue_moves=0 BMR=0
[52/60] M1_RescueSched rho=0.9 seed=37 P99=2e+02 P999=4e+02 SLO=0.098377 rescue_moves=351723 BMR=0.959997
[53/60] L0_RandomCore rho=0.9 seed=47 P99=2e+03 P999=2e+03 SLO=0.708076 rescue_moves=0 BMR=0
[54/60] L1_WorkStealingPolling rho=0.9 seed=47 P99=2e+02 P999=4e+02 SLO=0.122018 rescue_moves=0 BMR=0
[55/60] M0_AltoThreshold rho=0.9 seed=47 P99=2e+02 P999=4e+02 SLO=0.12376 rescue_moves=0 BMR=0
[56/60] M1_RescueSched rho=0.9 seed=47 P99=2e+02 P999=5e+02 SLO=0.103049 rescue_moves=351051 BMR=0.959533
[57/60] L0_RandomCore rho=0.9 seed=59 P99=1e+03 P999=2e+03 SLO=0.697238 rescue_moves=0 BMR=0
[58/60] L1_WorkStealingPolling rho=0.9 seed=59 P99=2e+02 P999=3e+02 SLO=0.116707 rescue_moves=0 BMR=0
[59/60] M0_AltoThreshold rho=0.9 seed=59 P99=2e+02 P999=4e+02 SLO=0.116274 rescue_moves=0 BMR=0
[60/60] M1_RescueSched rho=0.9 seed=59 P99=2e+02 P999=4e+02 SLO=0.095854 rescue_moves=350996 BMR=0.960336

RescueSched main done -> artifacts/step-22-local-simulation-diagnostics/full-ewma-confirmation-20260715/raw/baseline__w3.csv
