=== RescueSched Main: W2 rho/seed sweep ===
[1/20] L0_RandomCore rho=0.85 seed=11 P99=5e+03 P999=8e+03 SLO=0.761174 rescue_moves=0 BMR=0
[2/20] L1_WorkStealingPolling rho=0.85 seed=11 P99=6e+02 P999=1e+03 SLO=0.224543 rescue_moves=0 BMR=0
[3/20] M0_AltoThreshold rho=0.85 seed=11 P99=4e+02 P999=6e+02 SLO=0.215942 rescue_moves=0 BMR=0
[4/20] M1_RescueSched rho=0.85 seed=11 P99=4e+03 P999=6e+03 SLO=0.186281 rescue_moves=388332 BMR=0.996294
[5/20] L0_RandomCore rho=0.85 seed=23 P99=5e+03 P999=7e+03 SLO=0.750388 rescue_moves=0 BMR=0
[6/20] L1_WorkStealingPolling rho=0.85 seed=23 P99=6e+02 P999=1e+03 SLO=0.213098 rescue_moves=0 BMR=0
[7/20] M0_AltoThreshold rho=0.85 seed=23 P99=4e+02 P999=7e+02 SLO=0.203636 rescue_moves=0 BMR=0
[8/20] M1_RescueSched rho=0.85 seed=23 P99=3e+03 P999=6e+03 SLO=0.17838 rescue_moves=387814 BMR=0.996478
[9/20] L0_RandomCore rho=0.85 seed=37 P99=5e+03 P999=8e+03 SLO=0.756009 rescue_moves=0 BMR=0
[10/20] L1_WorkStealingPolling rho=0.85 seed=37 P99=6e+02 P999=1e+03 SLO=0.222953 rescue_moves=0 BMR=0
[11/20] M0_AltoThreshold rho=0.85 seed=37 P99=5e+02 P999=8e+02 SLO=0.21426 rescue_moves=0 BMR=0
[12/20] M1_RescueSched rho=0.85 seed=37 P99=4e+03 P999=7e+03 SLO=0.183995 rescue_moves=385943 BMR=0.996326
[13/20] L0_RandomCore rho=0.85 seed=47 P99=4e+03 P999=6e+03 SLO=0.751161 rescue_moves=0 BMR=0
[14/20] L1_WorkStealingPolling rho=0.85 seed=47 P99=5e+02 P999=1e+03 SLO=0.20653 rescue_moves=0 BMR=0
[15/20] M0_AltoThreshold rho=0.85 seed=47 P99=4e+02 P999=6e+02 SLO=0.194316 rescue_moves=0 BMR=0
[16/20] M1_RescueSched rho=0.85 seed=47 P99=3e+03 P999=5e+03 SLO=0.166779 rescue_moves=393610 BMR=0.996438
[17/20] L0_RandomCore rho=0.85 seed=59 P99=4e+03 P999=6e+03 SLO=0.757429 rescue_moves=0 BMR=0
[18/20] L1_WorkStealingPolling rho=0.85 seed=59 P99=6e+02 P999=1e+03 SLO=0.22324 rescue_moves=0 BMR=0
[19/20] M0_AltoThreshold rho=0.85 seed=59 P99=4e+02 P999=7e+02 SLO=0.215427 rescue_moves=0 BMR=0
[20/20] M1_RescueSched rho=0.85 seed=59 P99=3e+03 P999=6e+03 SLO=0.179199 rescue_moves=390394 BMR=0.99634

RescueSched main done -> artifacts/step-22-local-simulation-diagnostics/full-ewma-confirmation-20260715/raw/baseline__w2.csv
