=== RescueSched Main: W3 rho/seed sweep ===
[1/60] L0_RandomCore rho=0.7 seed=11 P99=6e+02 P999=1e+03 SLO=0.377213 rescue_moves=0 BMR=0
[2/60] L1_WorkStealingPolling rho=0.7 seed=11 P99=2e+02 P999=3e+02 SLO=0.009635 rescue_moves=0 BMR=0
[3/60] M0_AltoThreshold rho=0.7 seed=11 P99=2e+02 P999=4e+02 SLO=0.023639 rescue_moves=0 BMR=0
[4/60] M1_RescueSched rho=0.7 seed=11 P99=2e+02 P999=4e+02 SLO=0.021078 rescue_moves=252285 BMR=0.993622
[5/60] L0_RandomCore rho=0.7 seed=23 P99=6e+02 P999=9e+02 SLO=0.374508 rescue_moves=0 BMR=0
[6/60] L1_WorkStealingPolling rho=0.7 seed=23 P99=2e+02 P999=3e+02 SLO=0.009339 rescue_moves=0 BMR=0
[7/60] M0_AltoThreshold rho=0.7 seed=23 P99=2e+02 P999=4e+02 SLO=0.023761 rescue_moves=0 BMR=0
[8/60] M1_RescueSched rho=0.7 seed=23 P99=2e+02 P999=4e+02 SLO=0.021051 rescue_moves=252126 BMR=0.993591
[9/60] L0_RandomCore rho=0.7 seed=37 P99=6e+02 P999=9e+02 SLO=0.376014 rescue_moves=0 BMR=0
[10/60] L1_WorkStealingPolling rho=0.7 seed=37 P99=2e+02 P999=3e+02 SLO=0.00951 rescue_moves=0 BMR=0
[11/60] M0_AltoThreshold rho=0.7 seed=37 P99=2e+02 P999=4e+02 SLO=0.023554 rescue_moves=0 BMR=0
[12/60] M1_RescueSched rho=0.7 seed=37 P99=2e+02 P999=4e+02 SLO=0.021099 rescue_moves=251927 BMR=0.993776
[13/60] L0_RandomCore rho=0.7 seed=47 P99=6e+02 P999=1e+03 SLO=0.378628 rescue_moves=0 BMR=0
[14/60] L1_WorkStealingPolling rho=0.7 seed=47 P99=2e+02 P999=3e+02 SLO=0.00948 rescue_moves=0 BMR=0
[15/60] M0_AltoThreshold rho=0.7 seed=47 P99=2e+02 P999=4e+02 SLO=0.023631 rescue_moves=0 BMR=0
[16/60] M1_RescueSched rho=0.7 seed=47 P99=2e+02 P999=4e+02 SLO=0.020943 rescue_moves=253456 BMR=0.993699
[17/60] L0_RandomCore rho=0.7 seed=59 P99=6e+02 P999=1e+03 SLO=0.373953 rescue_moves=0 BMR=0
[18/60] L1_WorkStealingPolling rho=0.7 seed=59 P99=2e+02 P999=3e+02 SLO=0.009683 rescue_moves=0 BMR=0
[19/60] M0_AltoThreshold rho=0.7 seed=59 P99=2e+02 P999=4e+02 SLO=0.023459 rescue_moves=0 BMR=0
[20/60] M1_RescueSched rho=0.7 seed=59 P99=2e+02 P999=4e+02 SLO=0.020944 rescue_moves=251007 BMR=0.99353
[21/60] L0_RandomCore rho=0.85 seed=11 P99=1e+03 P999=2e+03 SLO=0.599955 rescue_moves=0 BMR=0
[22/60] L1_WorkStealingPolling rho=0.85 seed=11 P99=2e+02 P999=3e+02 SLO=0.058349 rescue_moves=0 BMR=0
[23/60] M0_AltoThreshold rho=0.85 seed=11 P99=2e+02 P999=4e+02 SLO=0.056108 rescue_moves=0 BMR=0
[24/60] M1_RescueSched rho=0.85 seed=11 P99=2e+02 P999=4e+02 SLO=0.047453 rescue_moves=335736 BMR=0.97742
[25/60] L0_RandomCore rho=0.85 seed=23 P99=1e+03 P999=2e+03 SLO=0.594095 rescue_moves=0 BMR=0
[26/60] L1_WorkStealingPolling rho=0.85 seed=23 P99=2e+02 P999=3e+02 SLO=0.056699 rescue_moves=0 BMR=0
[27/60] M0_AltoThreshold rho=0.85 seed=23 P99=2e+02 P999=4e+02 SLO=0.055068 rescue_moves=0 BMR=0
[28/60] M1_RescueSched rho=0.85 seed=23 P99=2e+02 P999=4e+02 SLO=0.046878 rescue_moves=334448 BMR=0.97794
[29/60] L0_RandomCore rho=0.85 seed=37 P99=1e+03 P999=1e+03 SLO=0.597053 rescue_moves=0 BMR=0
[30/60] L1_WorkStealingPolling rho=0.85 seed=37 P99=2e+02 P999=3e+02 SLO=0.057868 rescue_moves=0 BMR=0
[31/60] M0_AltoThreshold rho=0.85 seed=37 P99=2e+02 P999=4e+02 SLO=0.056427 rescue_moves=0 BMR=0
[32/60] M1_RescueSched rho=0.85 seed=37 P99=2e+02 P999=4e+02 SLO=0.047668 rescue_moves=335086 BMR=0.976573
[33/60] L0_RandomCore rho=0.85 seed=47 P99=1e+03 P999=2e+03 SLO=0.601885 rescue_moves=0 BMR=0
[34/60] L1_WorkStealingPolling rho=0.85 seed=47 P99=2e+02 P999=3e+02 SLO=0.060706 rescue_moves=0 BMR=0
[35/60] M0_AltoThreshold rho=0.85 seed=47 P99=2e+02 P999=4e+02 SLO=0.059681 rescue_moves=0 BMR=0
[36/60] M1_RescueSched rho=0.85 seed=47 P99=2e+02 P999=4e+02 SLO=0.050428 rescue_moves=335494 BMR=0.976766
[37/60] L0_RandomCore rho=0.85 seed=59 P99=1e+03 P999=2e+03 SLO=0.59311 rescue_moves=0 BMR=0
[38/60] L1_WorkStealingPolling rho=0.85 seed=59 P99=2e+02 P999=3e+02 SLO=0.057569 rescue_moves=0 BMR=0
[39/60] M0_AltoThreshold rho=0.85 seed=59 P99=2e+02 P999=4e+02 SLO=0.056153 rescue_moves=0 BMR=0
[40/60] M1_RescueSched rho=0.85 seed=59 P99=2e+02 P999=4e+02 SLO=0.047503 rescue_moves=333412 BMR=0.977562
[41/60] L0_RandomCore rho=0.9 seed=11 P99=2e+03 P999=2e+03 SLO=0.70678 rescue_moves=0 BMR=0
[42/60] L1_WorkStealingPolling rho=0.9 seed=11 P99=2e+02 P999=3e+02 SLO=0.120964 rescue_moves=0 BMR=0
[43/60] M0_AltoThreshold rho=0.9 seed=11 P99=2e+02 P999=4e+02 SLO=0.117061 rescue_moves=0 BMR=0
[44/60] M1_RescueSched rho=0.9 seed=11 P99=2e+02 P999=4e+02 SLO=0.097104 rescue_moves=352793 BMR=0.95931
[45/60] L0_RandomCore rho=0.9 seed=23 P99=1e+03 P999=2e+03 SLO=0.697886 rescue_moves=0 BMR=0
[46/60] L1_WorkStealingPolling rho=0.9 seed=23 P99=2e+02 P999=3e+02 SLO=0.11449 rescue_moves=0 BMR=0
[47/60] M0_AltoThreshold rho=0.9 seed=23 P99=2e+02 P999=4e+02 SLO=0.110608 rescue_moves=0 BMR=0
[48/60] M1_RescueSched rho=0.9 seed=23 P99=2e+02 P999=4e+02 SLO=0.091808 rescue_moves=353128 BMR=0.960638
[49/60] L0_RandomCore rho=0.9 seed=37 P99=1e+03 P999=2e+03 SLO=0.702738 rescue_moves=0 BMR=0
[50/60] L1_WorkStealingPolling rho=0.9 seed=37 P99=2e+02 P999=3e+02 SLO=0.119028 rescue_moves=0 BMR=0
[51/60] M0_AltoThreshold rho=0.9 seed=37 P99=2e+02 P999=4e+02 SLO=0.117005 rescue_moves=0 BMR=0
[52/60] M1_RescueSched rho=0.9 seed=37 P99=2e+02 P999=4e+02 SLO=0.096958 rescue_moves=351427 BMR=0.960234
[53/60] L0_RandomCore rho=0.9 seed=47 P99=2e+03 P999=2e+03 SLO=0.708076 rescue_moves=0 BMR=0
[54/60] L1_WorkStealingPolling rho=0.9 seed=47 P99=2e+02 P999=4e+02 SLO=0.122189 rescue_moves=0 BMR=0
[55/60] M0_AltoThreshold rho=0.9 seed=47 P99=2e+02 P999=4e+02 SLO=0.12118 rescue_moves=0 BMR=0
[56/60] M1_RescueSched rho=0.9 seed=47 P99=2e+02 P999=6e+02 SLO=0.100335 rescue_moves=351660 BMR=0.960001
[57/60] L0_RandomCore rho=0.9 seed=59 P99=1e+03 P999=2e+03 SLO=0.697238 rescue_moves=0 BMR=0
[58/60] L1_WorkStealingPolling rho=0.9 seed=59 P99=2e+02 P999=3e+02 SLO=0.117072 rescue_moves=0 BMR=0
[59/60] M0_AltoThreshold rho=0.9 seed=59 P99=2e+02 P999=4e+02 SLO=0.114065 rescue_moves=0 BMR=0
[60/60] M1_RescueSched rho=0.9 seed=59 P99=2e+02 P999=4e+02 SLO=0.094456 rescue_moves=351674 BMR=0.960239

RescueSched main done -> artifacts/step-22-local-simulation-diagnostics/full-ewma-confirmation-20260715/raw/ewma-0.01__w3.csv
